<?xml version="1.0" encoding="UTF-8"?>
<!-- Generated by org.testng.reporters.JUnitReportReporter -->
<testsuite hostname="DESKTOP-SN1AT9M" name="celltrak.challenge.test.GitRepositoriesSearch_PositiveScenariosTests" tests="3" failures="0" timestamp="1 Feb 2019 11:51:05 GMT" time="11.076" errors="0">
  <testcase name="TC1_RepoSearch_UserNetflixTypeRepoSortCreatedOrderDescPage1PerPage25_Expected200Code" time="8.137" classname="celltrak.challenge.test.GitRepositoriesSearch_PositiveScenariosTests"/>
  <testcase name="TC2_RepoSearch_UserBaeldungTypeRepoSortUpdatedPage1_ExpectedTotalCountGreaterThanOrEqualTo10" time="1.065" classname="celltrak.challenge.test.GitRepositoriesSearch_PositiveScenariosTests"/>
  <testcase name="TC3_RepoSearch_UserGoogleTypeRepoSortCreatedOrderDescPage10PerPage50_ExpectedTotalIDsEqualTo100" time="1.874" classname="celltrak.challenge.test.GitRepositoriesSearch_PositiveScenariosTests"/>
</testsuite> <!-- celltrak.challenge.test.GitRepositoriesSearch_PositiveScenariosTests -->
