<?xml version="1.0" encoding="UTF-8"?>
<!-- Generated by org.testng.reporters.JUnitReportReporter -->
<testsuite hostname="DESKTOP-SN1AT9M" name="celltrak.challenge.test.GitRepositoriesSearch_NegativeScenariosTests" tests="2" failures="0" timestamp="1 Feb 2019 11:51:05 GMT" time="1.142" errors="0">
  <testcase name="TC4_RepoSearch_UserGoogleTypeRepoSortCreatedOrderDescPage1000PerPage50_ExpectedMessageError" time="0.573" classname="celltrak.challenge.test.GitRepositoriesSearch_NegativeScenariosTests"/>
  <testcase name="TC5_RepoSearch_UserLanguageSortStarsOrderDescPage1PerPage5_Expected422Code" time="0.569" classname="celltrak.challenge.test.GitRepositoriesSearch_NegativeScenariosTests"/>
</testsuite> <!-- celltrak.challenge.test.GitRepositoriesSearch_NegativeScenariosTests -->
