<?xml version="1.0" encoding="UTF-8"?>
<!-- Generated by org.testng.reporters.JUnitReportReporter -->
<testsuite hostname="DESKTOP-SN1AT9M" name="celltrak.challenge.test.GitRepositoriesSearch_PositiveScenariosTests" tests="3" failures="0" timestamp="2 Feb 2019 06:39:12 GMT" time="9.101" errors="0">
  <testcase name="TC1_RepoSearch_UserNetflixTypeRepoSortCreatedOrderDescPage1PerPage25_Expected200Code" time="5.855" classname="celltrak.challenge.test.GitRepositoriesSearch_PositiveScenariosTests"/>
  <testcase name="TC2_RepoSearch_UserBaeldungTypeRepoSortUpdatedPage1_ExpectedTotalCountGreaterThanOrEqualTo10" time="1.067" classname="celltrak.challenge.test.GitRepositoriesSearch_PositiveScenariosTests"/>
  <testcase name="TC3_RepoSearch_UserGoogleTypeRepoSortCreatedOrderDescPage10PerPage50_ExpectedTotalIDsEqualTo100" time="2.179" classname="celltrak.challenge.test.GitRepositoriesSearch_PositiveScenariosTests"/>
</testsuite> <!-- celltrak.challenge.test.GitRepositoriesSearch_PositiveScenariosTests -->
